<?xml version="1.0" encoding="UTF-8"?>
<testng-results ignored="0" total="1" passed="1" failed="0" skipped="0">
  <reporter-output>
  </reporter-output>
  <suite started-at="2024-12-06T10:37:27 IST" name="Suite" finished-at="2024-12-06T10:38:12 IST" duration-ms="44231">
    <groups>
      <group name="Master">
        <method signature="TC001_AccountRegistration.registration()[pri:0, instance:testCases.TC001_AccountRegistration@78123e82]" name="registration" class="testCases.TC001_AccountRegistration"/>
      </group> <!-- Master -->
      <group name="Regression">
        <method signature="TC001_AccountRegistration.registration()[pri:0, instance:testCases.TC001_AccountRegistration@78123e82]" name="registration" class="testCases.TC001_AccountRegistration"/>
      </group> <!-- Regression -->
    </groups>
    <test started-at="2024-12-06T10:37:27 IST" name="EdgeTest" finished-at="2024-12-06T10:38:12 IST" duration-ms="44231">
      <class name="testCases.TC001_AccountRegistration">
        <test-method is-config="true" signature="openbrowser(java.lang.String,java.lang.String)[pri:0, instance:testCases.TC001_AccountRegistration@78123e82]" started-at="2024-12-06T10:37:27 IST" name="openbrowser" finished-at="2024-12-06T10:37:55 IST" duration-ms="27630" status="PASS">
          <params>
            <param index="0">
              <value>
                <![CDATA[Windows]]>
              </value>
            </param>
            <param index="1">
              <value>
                <![CDATA[edge]]>
              </value>
            </param>
          </params>
          <reporter-output>
          </reporter-output>
        </test-method> <!-- openbrowser -->
        <test-method signature="registration()[pri:0, instance:testCases.TC001_AccountRegistration@78123e82]" started-at="2024-12-06T10:37:55 IST" name="registration" finished-at="2024-12-06T10:38:06 IST" duration-ms="11123" status="PASS">
          <reporter-output>
          </reporter-output>
        </test-method> <!-- registration -->
        <test-method is-config="true" signature="closebrowser()[pri:0, instance:testCases.TC001_AccountRegistration@78123e82]" started-at="2024-12-06T10:38:06 IST" name="closebrowser" finished-at="2024-12-06T10:38:12 IST" duration-ms="5376" status="PASS">
          <reporter-output>
          </reporter-output>
        </test-method> <!-- closebrowser -->
      </class> <!-- testCases.TC001_AccountRegistration -->
    </test> <!-- EdgeTest -->
  </suite> <!-- Suite -->
</testng-results>
